#
# There is insufficient memory for the Java Runtime Environment to continue.
# Native memory allocation (malloc) failed to allocate 1048576 bytes for AllocateHeap
# Possible reasons:
#   The system is out of physical RAM or swap space
#   In 32 bit mode, the process size limit was hit
# Possible solutions:
#   Reduce memory load on the system
#   Increase physical memory or swap space
#   Check if swap backing store is full
#   Use 64 bit Java on a 64 bit OS
#   Decrease Java heap size (-Xmx/-Xms)
#   Decrease number of Java threads
#   Decrease Java thread stack sizes (-Xss)
#   Set larger code cache with -XX:ReservedCodeCacheSize=
# This output file may be truncated or incomplete.
#
#  Out of Memory Error (memory/allocation.inline.hpp:61), pid=16472, tid=0x000000000000352c
#
# JRE version:  (8.0_131-b11) (build )
# Java VM: Java HotSpot(TM) 64-Bit Server VM (25.131-b11 mixed mode windows-amd64 compressed oops)
# Failed to write core dump. Minidumps are not enabled by default on client versions of Windows
#

---------------  T H R E A D  ---------------

Current thread (0x00000000035b5800):  JavaThread "Unknown thread" [_thread_in_vm, id=13612, stack(0x0000000003310000,0x0000000003410000)]

Stack: [0x0000000003310000,0x0000000003410000]
[error occurred during error reporting (printing stack bounds), id 0xc0000005]

Native frames: (J=compiled Java code, j=interpreted, Vv=VM code, C=native code)


---------------  P R O C E S S  ---------------

Java Threads: ( => current thread )

Other Threads:

=>0x00000000035b5800 (exited) JavaThread "Unknown thread" [_thread_in_vm, id=13612, stack(0x0000000003310000,0x0000000003410000)]

VM state:not at safepoint (normal execution)

VM Mutex/Monitor currently owned by a thread: None

Heap:
 PSYoungGen      total 76288K, used 1310K [0x000000076b500000, 0x0000000770a00000, 0x00000007c0000000)
  eden space 65536K, 2% used [0x000000076b500000,0x000000076b647af0,0x000000076f500000)
  from space 10752K, 0% used [0x000000076ff80000,0x000000076ff80000,0x0000000770a00000)
  to   space 10752K, 0% used [0x000000076f500000,0x000000076f500000,0x000000076ff80000)
 ParOldGen       total 175104K, used 0K [0x00000006c1e00000, 0x00000006cc900000, 0x000000076b500000)
  object space 175104K, 0% used [0x00000006c1e00000,0x00000006c1e00000,0x00000006cc900000)
 Metaspace       used 770K, capacity 4480K, committed 4480K, reserved 1056768K
  class space    used 75K, capacity 384K, committed 384K, reserved 1048576K

Card table byte_map: [0x0000000012a70000,0x0000000013270000] byte_map_base: 0x000000000f461000

Marking Bits: (ParMarkBitMap*) 0x00000000547fc720
 Begin Bits: [0x0000000013fc0000, 0x0000000017f48000)
 End Bits:   [0x0000000017f48000, 0x000000001bed0000)

Polling page: 0x0000000002e40000

CodeCache: size=245760Kb used=328Kb max_used=328Kb free=245431Kb
 bounds [0x00000000036b0000, 0x0000000003920000, 0x00000000126b0000]
 total_blobs=58 nmethods=0 adapters=38
 compilation: enabled

Compilation events (0 events):
No events

GC Heap History (0 events):
No events

Deoptimization events (0 events):
No events

Internal exceptions (0 events):
No events

Events (10 events):
Event: 0.073 loading class java/lang/Short
Event: 0.073 loading class java/lang/Short done
Event: 0.073 loading class java/lang/Integer
Event: 0.073 loading class java/lang/Integer done
Event: 0.073 loading class java/lang/Long
Event: 0.073 loading class java/lang/Long done
Event: 0.075 loading class java/lang/NullPointerException
Event: 0.075 loading class java/lang/NullPointerException done
Event: 0.075 loading class java/lang/ArithmeticException
Event: 0.076 loading class java/lang/ArithmeticException done


Dynamic libraries:
0x00007ff754990000 - 0x00007ff7549c7000 	D:\Program Files\Java\jdk1.8.0_131\bin\java.exe
0x00007ffa416e0000 - 0x00007ffa418d0000 	C:\WINDOWS\SYSTEM32\ntdll.dll
0x00007ffa41260000 - 0x00007ffa41312000 	C:\WINDOWS\System32\KERNEL32.DLL
0x00007ffa3e8b0000 - 0x00007ffa3eb55000 	C:\WINDOWS\System32\KERNELBASE.dll
0x00007ffa41450000 - 0x00007ffa414f3000 	C:\WINDOWS\System32\ADVAPI32.dll
0x00007ffa3fb00000 - 0x00007ffa3fb9e000 	C:\WINDOWS\System32\msvcrt.dll
0x00007ffa3f6a0000 - 0x00007ffa3f737000 	C:\WINDOWS\System32\sechost.dll
0x00007ffa41580000 - 0x00007ffa4169f000 	C:\WINDOWS\System32\RPCRT4.dll
0x00007ffa40e80000 - 0x00007ffa41014000 	C:\WINDOWS\System32\USER32.dll
0x00007ffa3e4b0000 - 0x00007ffa3e4d1000 	C:\WINDOWS\System32\win32u.dll
0x00007ffa40e20000 - 0x00007ffa40e46000 	C:\WINDOWS\System32\GDI32.dll
0x00007ffa3eb60000 - 0x00007ffa3ecf8000 	C:\WINDOWS\System32\gdi32full.dll
0x00007ffa3e320000 - 0x00007ffa3e3be000 	C:\WINDOWS\System32\msvcp_win.dll
0x00007ffa3ed50000 - 0x00007ffa3ee4a000 	C:\WINDOWS\System32\ucrtbase.dll
0x00007ffa24710000 - 0x00007ffa24994000 	C:\WINDOWS\WinSxS\amd64_microsoft.windows.common-controls_6595b64144ccf1df_6.0.18362.1316_none_9e7a364fe461dbd7\COMCTL32.dll
0x00007ffa40a30000 - 0x00007ffa40d67000 	C:\WINDOWS\System32\combase.dll
0x00007ffa3e400000 - 0x00007ffa3e481000 	C:\WINDOWS\System32\bcryptPrimitives.dll
0x00007ffa40e50000 - 0x00007ffa40e7e000 	C:\WINDOWS\System32\IMM32.DLL
0x0000000054880000 - 0x0000000054952000 	D:\Program Files\Java\jdk1.8.0_131\jre\bin\msvcr100.dll
0x0000000053fe0000 - 0x000000005487c000 	D:\Program Files\Java\jdk1.8.0_131\jre\bin\server\jvm.dll
0x00007ffa3e880000 - 0x00007ffa3e8a4000 	C:\WINDOWS\System32\WINMM.dll
0x00007ffa3e2d0000 - 0x00007ffa3e2fd000 	C:\WINDOWS\System32\WINMMBASE.dll
0x00007ffa3ed00000 - 0x00007ffa3ed4a000 	C:\WINDOWS\System32\cfgmgr32.dll
0x00007ffa41330000 - 0x00007ffa41338000 	C:\WINDOWS\System32\PSAPI.DLL
0x00007ffa2e370000 - 0x00007ffa2e379000 	C:\WINDOWS\SYSTEM32\WSOCK32.dll
0x00007ffa3f810000 - 0x00007ffa3f87f000 	C:\WINDOWS\System32\WS2_32.dll
0x00007ffa3de40000 - 0x00007ffa3de4a000 	C:\WINDOWS\SYSTEM32\VERSION.dll
0x0000000053fd0000 - 0x0000000053fdf000 	D:\Program Files\Java\jdk1.8.0_131\jre\bin\verify.dll
0x0000000053fa0000 - 0x0000000053fc9000 	D:\Program Files\Java\jdk1.8.0_131\jre\bin\java.dll
0x0000000053f50000 - 0x0000000053f73000 	D:\Program Files\Java\jdk1.8.0_131\jre\bin\instrument.dll
0x0000000053f80000 - 0x0000000053f96000 	D:\Program Files\Java\jdk1.8.0_131\jre\bin\zip.dll

VM Arguments:
jvm_args: -XX:TieredStopAtLevel=1 -Xverify:none -Dspring.output.ansi.enabled=always -Dcom.sun.management.jmxremote -Dspring.jmx.enabled=true -Dspring.liveBeansView.mbeanDomain -Dspring.application.admin.enabled=true -javaagent:D:\idea\lib\idea_rt.jar=54139:D:\idea\bin -Dfile.encoding=UTF-8 
java_command: netty.test.talke.TalkApplication
java_class_path (initial): D:\Program Files\Java\jdk1.8.0_131\jre\lib\charsets.jar;D:\Program Files\Java\jdk1.8.0_131\jre\lib\deploy.jar;D:\Program Files\Java\jdk1.8.0_131\jre\lib\ext\access-bridge-64.jar;D:\Program Files\Java\jdk1.8.0_131\jre\lib\ext\cldrdata.jar;D:\Program Files\Java\jdk1.8.0_131\jre\lib\ext\dnsns.jar;D:\Program Files\Java\jdk1.8.0_131\jre\lib\ext\jaccess.jar;D:\Program Files\Java\jdk1.8.0_131\jre\lib\ext\jfxrt.jar;D:\Program Files\Java\jdk1.8.0_131\jre\lib\ext\localedata.jar;D:\Program Files\Java\jdk1.8.0_131\jre\lib\ext\nashorn.jar;D:\Program Files\Java\jdk1.8.0_131\jre\lib\ext\sunec.jar;D:\Program Files\Java\jdk1.8.0_131\jre\lib\ext\sunjce_provider.jar;D:\Program Files\Java\jdk1.8.0_131\jre\lib\ext\sunmscapi.jar;D:\Program Files\Java\jdk1.8.0_131\jre\lib\ext\sunpkcs11.jar;D:\Program Files\Java\jdk1.8.0_131\jre\lib\ext\zipfs.jar;D:\Program Files\Java\jdk1.8.0_131\jre\lib\javaws.jar;D:\Program Files\Java\jdk1.8.0_131\jre\lib\jce.jar;D:\Program Files\Java\jdk1.8.0_131\jre\lib\jfr.jar;D:\Program Files\Java\jdk1.8.0_131\jre\lib\jfxswt.jar;D:\Program Files\Java\jdk1.8.0_131\jre\lib\jsse.jar;D:\Program Files\Java\jdk1.8.0_131\jre\lib\management-agent.jar;D:\Program Files\Java\jdk1.8.0_131\jre\lib\plugin.jar;D:\Program Files\Java\jdk1.8.0_131\jre\lib\resources.jar;D:\Program Files\Java\jdk1.8.0_131\jre\lib\rt.jar;D:\114\talk\target\classes;D:\RepMaven\org\springframework\boot\spring-boot-starter-webflux\2.4.2\spring-boot-starter-webflux-2.4.2.jar;D:\RepMaven\org\springframework\boot\spring-boot-starter\2.4.2\spring-boot-starter-2.4.2.jar;D:\RepMaven\org\springframework\boot\spring-boot\2.4.2\spring-boot-2.4.2.jar;D:\RepMaven\org\springframework\spring-context\5.3.3\spring-context-5.3.3.jar;D:\RepMaven\org\springframework\spring-aop\5.3.3\spring-aop-5.3.3.jar;D:\RepMaven\org\springframework\spring-expression\5.3.3\spring-expression-5.3.3.jar;D:\RepMaven\org\springframework\boot\spring-boot-autoconfigure\2.4.2\spring-boot-autoconfigure-2.4.2.jar;D:\Rep
Launcher Type: SUN_STANDARD

Environment Variables:
JAVA_HOME=D:\Program Files\Java\jdk1.8.0_131
CLASSPATH=.;D:\Program Files\Java\jdk1.8.0_131\lib;D:\Program Files\Java\jdk1.8.0_131\lib\tools.jar
PATH=C:\Program Files (x86)\NetSarang\Xlpd 6\;C:\Program Files (x86)\NetSarang\Xftp 6\;C:\Program Files (x86)\NetSarang\Xshell 6\;C:\Program Files (x86)\NetSarang\Xmanager 6\;C:\ProgramData\Oracle\Java\javapath;C:\Windows\system32;C:\Windows;C:\Windows\System32\Wbem;C:\Windows\System32\WindowsPowerShell\v1.0\;C:\Windows\System32\OpenSSH\;C:\Program Files (x86)\Intel\Intel(R) Management Engine Components\DAL;C:\Program Files\Intel\Intel(R) Management Engine Components\DAL;C:\Program Files (x86)\NVIDIA Corporation\PhysX\Common;C:\Program Files\TortoiseSVN\bin;C:\Program Files (x86)\Subversion\bin;D:\Program Files\Git\cmd;"D:\Program Files\Java\jdk1.8.0_131\bin;D:\Program Files\Java\jdk1.8.0_131\jre\bin";D:\apache-maven-3.5.0\bin;D:\Java\Groovy\groovy-2.5.8\bin;C:\WINDOWS\system32;C:\WINDOWS;C:\WINDOWS\System32\Wbem;C:\WINDOWS\System32\WindowsPowerShell\v1.0\;C:\WINDOWS\System32\OpenSSH\;D:\Program Files\nodejs\;D:\mysql-8.0.18-winx64\bin;C:\Go\bin;C:\Users\issuser\AppData\Local\Programs\Python\Python35\Scripts\;C:\Users\issuser\AppData\Local\Programs\Python\Python35\;C:\Users\issuser\AppData\Local\Microsoft\WindowsApps;D:\Users\issuser\AppData\Local\Programs\Microsoft VS Code\bin;C:\Users\issuser\AppData\Local\GitHubDesktop\bin;C:\Users\issuser\AppData\Local\BypassRuntm;C:\Users\issuser\AppData\Local\Microsoft\WindowsApps;C:\Users\issuser\AppData\Roaming\npm;C:\Users\issuser\go\bin
USERNAME=issuser
OS=Windows_NT
PROCESSOR_IDENTIFIER=Intel64 Family 6 Model 142 Stepping 12, GenuineIntel



---------------  S Y S T E M  ---------------

OS: Windows 10.0 , 64 bit Build 18362 (10.0.18362.1316)

CPU:total 8 (initial active 8) (4 cores per cpu, 2 threads per core) family 6 model 142 stepping 12, cmov, cx8, fxsr, mmx, sse, sse2, sse3, ssse3, sse4.1, sse4.2, popcnt, avx, avx2, aes, clmul, erms, 3dnowpref, lzcnt, ht, tsc, tscinvbit, bmi1, bmi2, adx

Memory: 4k page, physical 16650760k(2940768k free), swap 27372936k(5940k free)

vm_info: Java HotSpot(TM) 64-Bit Server VM (25.131-b11) for windows-amd64 JRE (1.8.0_131-b11), built on Mar 15 2017 01:23:53 by "java_re" with MS VC++ 10.0 (VS2010)

time: Fri Feb 05 16:34:43 2021
elapsed time: 0 seconds (0d 0h 0m 0s)

